#
# A fatal error has been detected by the Java Runtime Environment:
#
#  EXCEPTION_ACCESS_VIOLATION (0xc0000005) at pc=0x000000000f484b2e, pid=42404, tid=44092
#
# JRE version: Java(TM) SE Runtime Environment (8.0_20-b26) (build 1.8.0_20-b26)
# Java VM: Java HotSpot(TM) 64-Bit Server VM (25.20-b23 mixed mode windows-amd64 compressed oops)
# Problematic frame:
# J 1089 C1 sun.awt.SunToolkit.getAppContext(Ljava/lang/Object;)Lsun/awt/AppContext; (42 bytes) @ 0x000000000f484b2e [0x000000000f484ac0+0x6e]
#
# Failed to write core dump. Minidumps are not enabled by default on client versions of Windows
#
# If you would like to submit a bug report, please visit:
#   http://bugreport.sun.com/bugreport/crash.jsp
#

---------------  T H R E A D  ---------------

Current thread (0x000000000a90a000):  JavaThread "AWT-EventQueue-0" [_thread_in_Java, id=44092, stack(0x000000000dcc0000,0x000000000ddc0000)]

siginfo: ExceptionCode=0xc0000005, reading address 0x0000000000004008

Registers:
RAX=0x0000000000000477, RBX=0x000000010004aac8, RCX=0x000000000e366280, RDX=0x0000000000004000
RSP=0x000000000ddb9330, RBP=0x000000000ddb9460, RSI=0x0000000000001518, RDI=0x00000000000002a4
R8 =0x00000000081c6f70, R9 =0x000000000a420690, R10=0x0000000060214230, R11=0x000000000f4858a0
R12=0x0000000000000000, R13=0x000000000ddb9418, R14=0x000000000ddb9470, R15=0x000000000a90a000
RIP=0x000000000f484b2e, EFLAGS=0x0000000000010206

Top of Stack: (sp=0x000000000ddb9330)
0x000000000ddb9330:   0000000000000000 00000000d8308520
0x000000000ddb9340:   0000000000000000 0000000000000000
0x000000000ddb9350:   0000000000000000 0000000000000000
0x000000000ddb9360:   0000000000004000 00000000081c7028
0x000000000ddb9370:   000000000ddb9460 000000000f485bd4
0x000000000ddb9380:   000000000ddb94b8 000000000f47a0e4
0x000000000ddb9390:   0000000000000000 0000000000000000
0x000000000ddb93a0:   0000000000000000 000000000a90a000
0x000000000ddb93b0:   000000000ddb9470 000000000cc84075
0x000000000ddb93c0:   0000000000000000 00000015aeb7ab09
0x000000000ddb93d0:   00000000d7f89a28 0000000000004000
0x000000000ddb93e0:   000000000ddb9460 000000000f031e4c
0x000000000ddb93f0:   000000000ddb9400 00000000000000b8
0x000000000ddb9400:   000000000ddb9460 000000000f0177b0
0x000000000ddb9410:   000000000f0177b0 0000000000004000
0x000000000ddb9420:   000000000ddb9420 000000000cc84075 

Instructions: (pc=0x000000000f484b2e)
0x000000000f484b0e:   38 40 0e 00 00 00 00 81 8f 00 01 00 00 00 01 00
0x000000000f484b1e:   00 e9 c1 00 00 00 48 bb c8 aa 04 00 01 00 00 00
0x000000000f484b2e:   8b 7a 08 48 c1 e7 03 48 3b 5f 30 0f 85 8a 00 00
0x000000000f484b3e:   00 48 bf 90 38 40 0e 00 00 00 00 8b 5a 08 48 c1 


Register to memory mapping:

RAX=0x0000000000000477 is an unknown value
RBX=0x000000010004aac8 is pointing into metadata
RCX=0x000000000e366280 is pointing into metadata
RDX=0x0000000000004000 is an unknown value
RSP=0x000000000ddb9330 is pointing into the stack for thread: 0x000000000a90a000
RBP=0x000000000ddb9460 is pointing into the stack for thread: 0x000000000a90a000
RSI=0x0000000000001518 is an unknown value
RDI=0x00000000000002a4 is an unknown value
R8 ={method} {0x00000000081c6f78} 'getAppContext' '(Ljava/lang/Object;)Lsun/awt/AppContext;' in 'sun/awt/SunToolkit'
R9 =0x000000000a420690 is an unknown value
R10=0x0000000060214230 is an unknown value
R11=0x000000000f4858a0 is at entry_point+0 in (nmethod*)0x000000000f4856d0
R12=0x0000000000000000 is an unknown value
R13=0x000000000ddb9418 is pointing into the stack for thread: 0x000000000a90a000
R14=0x000000000ddb9470 is pointing into the stack for thread: 0x000000000a90a000
R15=0x000000000a90a000 is a thread


Stack: [0x000000000dcc0000,0x000000000ddc0000],  sp=0x000000000ddb9330,  free space=996k
Native frames: (J=compiled Java code, j=interpreted, Vv=VM code, C=native code)
C  0x000000000f484b2e


---------------  P R O C E S S  ---------------

Java Threads: ( => current thread )
  0x000000000a2d2000 JavaThread "J3D-InputDeviceScheduler-1" [_thread_blocked, id=44680, stack(0x000000001e510000,0x000000001e610000)]
  0x000000000a1be000 JavaThread "J3D-SoundSchedulerUpdateThread-1" [_thread_blocked, id=44400, stack(0x000000001e410000,0x000000001e510000)]
  0x000000000a1bd800 JavaThread "J3D-RenderStructureUpdateThread-1" [_thread_blocked, id=47100, stack(0x000000001e310000,0x000000001e410000)]
  0x000000000a1bc000 JavaThread "J3D-BehaviorScheduler-1" [_thread_blocked, id=42084, stack(0x000000001e210000,0x000000001e310000)]
  0x000000000a1bc800 JavaThread "J3D-TransformStructureUpdateThread-1" [_thread_blocked, id=43968, stack(0x000000001e110000,0x000000001e210000)]
  0x000000000a1b8000 JavaThread "J3D-RenderingEnvironmentStructureUpdateThread-1" [_thread_blocked, id=43288, stack(0x000000001e010000,0x000000001e110000)]
  0x000000000a1bb000 JavaThread "J3D-SoundStructureUpdateThread-1" [_thread_blocked, id=45880, stack(0x000000000ee50000,0x000000000ef50000)]
  0x000000000a1b7000 JavaThread "J3D-GeometryStructureUpdateThread-1" [_thread_blocked, id=45848, stack(0x000000000ed50000,0x000000000ee50000)]
  0x000000000a1b9800 JavaThread "J3D-BehaviorStructureUpdateThread-1" [_thread_blocked, id=24084, stack(0x000000000ec50000,0x000000000ed50000)]
  0x000000000a1ba800 JavaThread "D3D Screen Updater" daemon [_thread_blocked, id=44544, stack(0x000000000e4e0000,0x000000000e5e0000)]
  0x000000000a1b8800 JavaThread "DestroyJavaVM" [_thread_blocked, id=46292, stack(0x00000000028b0000,0x00000000029b0000)]
=>0x000000000a90a000 JavaThread "AWT-EventQueue-0" [_thread_in_Java, id=44092, stack(0x000000000dcc0000,0x000000000ddc0000)]
  0x000000000a90b000 JavaThread "AWT-Shutdown" [_thread_blocked, id=44200, stack(0x000000000dbc0000,0x000000000dcc0000)]
  0x000000000a211000 JavaThread "Keep-Alive-Timer" daemon [_thread_blocked, id=45120, stack(0x000000000dac0000,0x000000000dbc0000)]
  0x000000000a7cf800 JavaThread "J3D-Renderer-1" [_thread_blocked, id=2716, stack(0x000000000d2e0000,0x000000000d3e0000)]
  0x000000000aa72800 JavaThread "J3D-MasterControl-1" [_thread_blocked, id=43616, stack(0x000000000d1e0000,0x000000000d2e0000)]
  0x000000000a5bc000 JavaThread "J3D-NotificationThread" [_thread_blocked, id=44004, stack(0x000000000d0e0000,0x000000000d1e0000)]
  0x000000000a5bb800 JavaThread "J3D-TimerThread" [_thread_blocked, id=32980, stack(0x000000000cfe0000,0x000000000d0e0000)]
  0x000000000a761800 JavaThread "J3D-RenderingAttributesStructureUpdateThread" [_thread_blocked, id=45128, stack(0x000000000cee0000,0x000000000cfe0000)]
  0x000000000a463800 JavaThread "AWT-Windows" daemon [_thread_in_native, id=44860, stack(0x000000000b0c0000,0x000000000b1c0000)]
  0x000000000a461000 JavaThread "Java2D Disposer" daemon [_thread_blocked, id=36092, stack(0x000000000aec0000,0x000000000afc0000)]
  0x00000000086ca000 JavaThread "Service Thread" daemon [_thread_blocked, id=44940, stack(0x0000000009ec0000,0x0000000009fc0000)]
  0x00000000086c3800 JavaThread "C1 CompilerThread2" daemon [_thread_blocked, id=45016, stack(0x0000000009dc0000,0x0000000009ec0000)]
  0x00000000086bd000 JavaThread "C2 CompilerThread1" daemon [_thread_blocked, id=43568, stack(0x0000000009cc0000,0x0000000009dc0000)]
  0x000000000866c800 JavaThread "C2 CompilerThread0" daemon [_thread_in_native, id=43312, stack(0x0000000009bc0000,0x0000000009cc0000)]
  0x000000000866a800 JavaThread "Attach Listener" daemon [_thread_blocked, id=46724, stack(0x0000000009ac0000,0x0000000009bc0000)]
  0x0000000008668800 JavaThread "Signal Dispatcher" daemon [_thread_blocked, id=45896, stack(0x00000000099c0000,0x0000000009ac0000)]
  0x0000000002b36000 JavaThread "Finalizer" daemon [_thread_blocked, id=46528, stack(0x00000000098c0000,0x00000000099c0000)]
  0x0000000002b2d000 JavaThread "Reference Handler" daemon [_thread_blocked, id=43456, stack(0x00000000097c0000,0x00000000098c0000)]

Other Threads:
  0x0000000008635800 VMThread [stack: 0x00000000096c0000,0x00000000097c0000] [id=43484]
  0x00000000086cd000 WatcherThread [stack: 0x0000000009fc0000,0x000000000a0c0000] [id=44108]

VM state:not at safepoint (normal execution)

VM Mutex/Monitor currently owned by a thread: None

Heap:
 PSYoungGen      total 38400K, used 9763K [0x00000000d5f00000, 0x00000000d8980000, 0x0000000100000000)
  eden space 33280K, 14% used [0x00000000d5f00000,0x00000000d638ce20,0x00000000d7f80000)
  from space 5120K, 99% used [0x00000000d7f80000,0x00000000d847c070,0x00000000d8480000)
  to   space 5120K, 0% used [0x00000000d8480000,0x00000000d8480000,0x00000000d8980000)
 ParOldGen       total 87552K, used 2253K [0x0000000081c00000, 0x0000000087180000, 0x00000000d5f00000)
  object space 87552K, 2% used [0x0000000081c00000,0x0000000081e337a0,0x0000000087180000)
 Metaspace       used 15214K, capacity 15418K, committed 15616K, reserved 1062912K
  class space    used 1654K, capacity 1734K, committed 1792K, reserved 1048576K

Card table byte_map: [0x0000000002f00000,0x0000000003300000] byte_map_base: 0x0000000002af2000

Marking Bits: (ParMarkBitMap*) 0x000000006022b460
 Begin Bits: [0x00000000039b0000, 0x0000000005940000)
 End Bits:   [0x0000000005940000, 0x00000000078d0000)

Polling page: 0x0000000000fd0000

CodeCache: size=245760Kb used=5325Kb max_used=5325Kb free=240434Kb
 bounds [0x000000000f010000, 0x000000000f550000, 0x000000001e010000]
 total_blobs=1922 nmethods=1277 adapters=559
 compilation: enabled

Compilation events (10 events):
Event: 15.401 Thread 0x00000000086c3800 nmethod 1279 0x000000000f541c90 code [0x000000000f541e60, 0x000000000f5424a8]
Event: 15.401 Thread 0x00000000086c3800 1280       3       sun.reflect.UnsafeBooleanFieldAccessorImpl::setBoolean (30 bytes)
Event: 15.402 Thread 0x00000000086c3800 nmethod 1280 0x000000000f5426d0 code [0x000000000f5428e0, 0x000000000f543758]
Event: 15.402 Thread 0x00000000086c3800 1281       3       sun.reflect.UnsafeFieldAccessorImpl::ensureObj (23 bytes)
Event: 15.403 Thread 0x00000000086c3800 nmethod 1281 0x000000000f543d10 code [0x000000000f543ee0, 0x000000000f544818]
Event: 15.403 Thread 0x00000000086c3800 1283       3       java.util.HashSet::remove (20 bytes)
Event: 15.403 Thread 0x00000000086c3800 nmethod 1283 0x000000000f544b10 code [0x000000000f544c80, 0x000000000f544f08]
Event: 15.412 Thread 0x00000000086c3800 1284       3       java.util.concurrent.locks.AbstractQueuedSynchronizer::enq (58 bytes)
Event: 15.413 Thread 0x00000000086c3800 nmethod 1284 0x000000000f544fd0 code [0x000000000f545160, 0x000000000f545690]
Event: 15.555 Thread 0x000000000866c800 1285   !   4       javax.media.j3d.Renderer::doWork (6480 bytes)

GC Heap History (2 events):
Event: 10.311 GC heap before
{Heap before GC invocations=1 (full 0):
 PSYoungGen      total 38400K, used 33280K [0x00000000d5f00000, 0x00000000d8980000, 0x0000000100000000)
  eden space 33280K, 100% used [0x00000000d5f00000,0x00000000d7f80000,0x00000000d7f80000)
  from space 5120K, 0% used [0x00000000d8480000,0x00000000d8480000,0x00000000d8980000)
  to   space 5120K, 0% used [0x00000000d7f80000,0x00000000d7f80000,0x00000000d8480000)
 ParOldGen       total 87552K, used 0K [0x0000000081c00000, 0x0000000087180000, 0x00000000d5f00000)
  object space 87552K, 0% used [0x0000000081c00000,0x0000000081c00000,0x0000000087180000)
 Metaspace       used 14504K, capacity 14682K, committed 14848K, reserved 1062912K
  class space    used 1629K, capacity 1702K, committed 1792K, reserved 1048576K
Event: 10.337 GC heap after
Heap after GC invocations=1 (full 0):
 PSYoungGen      total 38400K, used 5104K [0x00000000d5f00000, 0x00000000d8980000, 0x0000000100000000)
  eden space 33280K, 0% used [0x00000000d5f00000,0x00000000d5f00000,0x00000000d7f80000)
  from space 5120K, 99% used [0x00000000d7f80000,0x00000000d847c070,0x00000000d8480000)
  to   space 5120K, 0% used [0x00000000d8480000,0x00000000d8480000,0x00000000d8980000)
 ParOldGen       total 87552K, used 2253K [0x0000000081c00000, 0x0000000087180000, 0x00000000d5f00000)
  object space 87552K, 2% used [0x0000000081c00000,0x0000000081e337a0,0x0000000087180000)
 Metaspace       used 14504K, capacity 14682K, committed 14848K, reserved 1062912K
  class space    used 1629K, capacity 1702K, committed 1792K, reserved 1048576K
}

Deoptimization events (10 events):
Event: 2.774 Thread 0x0000000002a40800 Uncommon trap: reason=bimorphic action=maybe_recompile pc=0x000000000f19e39c method=java.util.HashMap.putVal(ILjava/lang/Object;Ljava/lang/Object;ZZ)Ljava/lang/Object; @ 56
Event: 2.774 Thread 0x0000000002a40800 Uncommon trap: reason=bimorphic action=maybe_recompile pc=0x000000000f19f6c8 method=java.util.HashMap.putVal(ILjava/lang/Object;Ljava/lang/Object;ZZ)Ljava/lang/Object; @ 56
Event: 3.807 Thread 0x0000000002a40800 Uncommon trap: reason=unreached action=reinterpret pc=0x000000000f1bdb44 method=java.util.HashMap.hash(Ljava/lang/Object;)I @ 1
Event: 7.306 Thread 0x0000000002a40800 Uncommon trap: reason=class_check action=maybe_recompile pc=0x000000000f1b7e9c method=java.util.HashMap.putVal(ILjava/lang/Object;Ljava/lang/Object;ZZ)Ljava/lang/Object; @ 253
Event: 7.306 Thread 0x0000000002a40800 Uncommon trap: reason=class_check action=maybe_recompile pc=0x000000000f1b7e9c method=java.util.HashMap.putVal(ILjava/lang/Object;Ljava/lang/Object;ZZ)Ljava/lang/Object; @ 253
Event: 7.306 Thread 0x0000000002a40800 Uncommon trap: reason=class_check action=maybe_recompile pc=0x000000000f1b7e9c method=java.util.HashMap.putVal(ILjava/lang/Object;Ljava/lang/Object;ZZ)Ljava/lang/Object; @ 253
Event: 7.306 Thread 0x0000000002a40800 Uncommon trap: reason=class_check action=maybe_recompile pc=0x000000000f1b7e9c method=java.util.HashMap.putVal(ILjava/lang/Object;Ljava/lang/Object;ZZ)Ljava/lang/Object; @ 253
Event: 9.143 Thread 0x0000000002a40800 Uncommon trap: reason=range_check action=make_not_entrant pc=0x000000000f2fccd4 method=sun.awt.image.ByteInterleavedRaster.getPixels(IIII[I)[I @ 219
Event: 9.143 Thread 0x0000000002a40800 Uncommon trap: reason=range_check action=make_not_entrant pc=0x000000000f2f94dc method=sun.awt.image.ByteInterleavedRaster.setPixels(IIII[I)V @ 205
Event: 9.924 Thread 0x000000000a463800 Uncommon trap: reason=unreached action=reinterpret pc=0x000000000f2ee568 method=java.util.HashMap.putVal(ILjava/lang/Object;Ljava/lang/Object;ZZ)Ljava/lang/Object; @ 81

Internal exceptions (10 events):
Event: 3.245 Thread 0x0000000002a40800 Exception <a 'java/lang/NoSuchFieldError': method resolution failed> (0x00000000d665d5d8) thrown at [D:\re\workspace\8-2-build-windows-amd64-cygwin\jdk8u20\1074\hotspot\src\share\vm\prims\methodHandles.cpp, line 1159]
Event: 3.297 Thread 0x0000000002a40800 Exception <a 'java/lang/NoSuchFieldError': method resolution failed> (0x00000000d666c300) thrown at [D:\re\workspace\8-2-build-windows-amd64-cygwin\jdk8u20\1074\hotspot\src\share\vm\prims\methodHandles.cpp, line 1159]
Event: 3.302 Thread 0x0000000002a40800 Exception <a 'java/lang/NoSuchFieldError': method resolution failed> (0x00000000d666f780) thrown at [D:\re\workspace\8-2-build-windows-amd64-cygwin\jdk8u20\1074\hotspot\src\share\vm\prims\methodHandles.cpp, line 1159]
Event: 3.731 Thread 0x0000000002a40800 Exception <a 'java/security/PrivilegedActionException'> (0x00000000d670b0a8) thrown at [D:\re\workspace\8-2-build-windows-amd64-cygwin\jdk8u20\1074\hotspot\src\share\vm\prims\jvm.cpp, line 1275]
Event: 3.731 Thread 0x0000000002a40800 Exception <a 'java/security/PrivilegedActionException'> (0x00000000d670c138) thrown at [D:\re\workspace\8-2-build-windows-amd64-cygwin\jdk8u20\1074\hotspot\src\share\vm\prims\jvm.cpp, line 1275]
Event: 3.747 Thread 0x0000000002a40800 Exception <a 'java/security/PrivilegedActionException'> (0x00000000d6712640) thrown at [D:\re\workspace\8-2-build-windows-amd64-cygwin\jdk8u20\1074\hotspot\src\share\vm\prims\jvm.cpp, line 1275]
Event: 3.748 Thread 0x0000000002a40800 Exception <a 'java/security/PrivilegedActionException'> (0x00000000d67136d0) thrown at [D:\re\workspace\8-2-build-windows-amd64-cygwin\jdk8u20\1074\hotspot\src\share\vm\prims\jvm.cpp, line 1275]
Event: 3.807 Thread 0x0000000002a40800 Implicit null exception at 0x000000000f1bd5fb to 0x000000000f1bdb31
Event: 4.414 Thread 0x0000000002a40800 Exception <a 'java/security/PrivilegedActionException'> (0x00000000d695e498) thrown at [D:\re\workspace\8-2-build-windows-amd64-cygwin\jdk8u20\1074\hotspot\src\share\vm\prims\jvm.cpp, line 1275]
Event: 4.415 Thread 0x0000000002a40800 Exception <a 'java/security/PrivilegedActionException'> (0x00000000d695f728) thrown at [D:\re\workspace\8-2-build-windows-amd64-cygwin\jdk8u20\1074\hotspot\src\share\vm\prims\jvm.cpp, line 1275]

Events (10 events):
Event: 12.401 Executing VM operation: RevokeBias
Event: 12.401 Executing VM operation: RevokeBias done
Event: 13.199 Executing VM operation: RevokeBias
Event: 13.200 Executing VM operation: RevokeBias done
Event: 13.200 Executing VM operation: RevokeBias
Event: 13.200 Executing VM operation: RevokeBias done
Event: 13.201 loading class java/util/Collections$SynchronizedRandomAccessList
Event: 13.201 loading class java/util/Collections$SynchronizedList
Event: 13.201 loading class java/util/Collections$SynchronizedList done
Event: 13.202 loading class java/util/Collections$SynchronizedRandomAccessList done


Dynamic libraries:
0x00007ff7293e0000 - 0x00007ff729414000 	C:\Program Files\Java\jdk1.8.0_20\bin\java.exe
0x00007ffc71b10000 - 0x00007ffc71cb6000 	C:\WINDOWS\SYSTEM32\ntdll.dll
0x00007ffc6fec0000 - 0x00007ffc6fffa000 	C:\WINDOWS\system32\KERNEL32.DLL
0x00007ffc6f1d0000 - 0x00007ffc6f2df000 	C:\WINDOWS\system32\KERNELBASE.dll
0x00007ffc6da60000 - 0x00007ffc6dae8000 	C:\WINDOWS\system32\apphelp.dll
0x00007ffc61ea0000 - 0x00007ffc61eef000 	C:\WINDOWS\AppPatch\AppPatch64\AcGenral.DLL
0x00007ffc6f7e0000 - 0x00007ffc6f887000 	C:\WINDOWS\system32\msvcrt.dll
0x00007ffc6eab0000 - 0x00007ffc6eadb000 	C:\WINDOWS\SYSTEM32\SspiCli.dll
0x00007ffc6f390000 - 0x00007ffc6f3e1000 	C:\WINDOWS\system32\SHLWAPI.dll
0x00007ffc6fc90000 - 0x00007ffc6fe01000 	C:\WINDOWS\system32\USER32.dll
0x00007ffc6faf0000 - 0x00007ffc6fc68000 	C:\WINDOWS\system32\ole32.dll
0x00007ffc70060000 - 0x00007ffc7146f000 	C:\WINDOWS\system32\SHELL32.dll
0x00007ffc6e440000 - 0x00007ffc6e45e000 	C:\WINDOWS\SYSTEM32\USERENV.dll
0x00007ffc6f8e0000 - 0x00007ffc6f985000 	C:\WINDOWS\system32\ADVAPI32.dll
0x00007ffc60c10000 - 0x00007ffc60c2b000 	C:\WINDOWS\SYSTEM32\MPR.dll
0x00007ffc719d0000 - 0x00007ffc71b07000 	C:\WINDOWS\system32\RPCRT4.dll
0x00007ffc71470000 - 0x00007ffc714c7000 	C:\WINDOWS\SYSTEM32\sechost.dll
0x00007ffc71720000 - 0x00007ffc718f6000 	C:\WINDOWS\SYSTEM32\combase.dll
0x00007ffc6f9a0000 - 0x00007ffc6fae4000 	C:\WINDOWS\system32\GDI32.dll
0x00007ffc6ee80000 - 0x00007ffc6ee94000 	C:\WINDOWS\SYSTEM32\profapi.dll
0x00007ffc6d470000 - 0x00007ffc6d50f000 	C:\WINDOWS\SYSTEM32\SHCORE.dll
0x00007ffc6f8a0000 - 0x00007ffc6f8d4000 	C:\WINDOWS\system32\IMM32.DLL
0x00007ffc6f450000 - 0x00007ffc6f589000 	C:\WINDOWS\system32\MSCTF.dll
0x00007ffc6ee40000 - 0x00007ffc6ee6f000 	C:\Windows\system32\nvinitx.dll
0x000000000f000000 - 0x000000000f006000 	C:\Program Files\NVIDIA Corporation\CoProcManager\detoured.dll
0x00007ffc68cc0000 - 0x00007ffc68d1f000 	C:\Program Files\NVIDIA Corporation\CoProcManager\nvd3d9wrapx.dll
0x00007ffc714d0000 - 0x00007ffc716a4000 	C:\WINDOWS\system32\SETUPAPI.dll
0x00007ffc6f180000 - 0x00007ffc6f1ca000 	C:\WINDOWS\system32\CFGMGR32.dll
0x00007ffc69f00000 - 0x00007ffc69f46000 	C:\Program Files\NVIDIA Corporation\CoProcManager\nvdxgiwrapx.dll
0x00007ffc6c720000 - 0x00007ffc6c97a000 	C:\WINDOWS\WinSxS\amd64_microsoft.windows.common-controls_6595b64144ccf1df_6.0.9600.17031_none_6242a4b3ecbb55a1\COMCTL32.dll
0x0000000062050000 - 0x0000000062122000 	C:\Program Files\Java\jdk1.8.0_20\jre\bin\msvcr100.dll
0x000000005fa50000 - 0x00000000602a8000 	C:\Program Files\Java\jdk1.8.0_20\jre\bin\server\jvm.dll
0x00007ffc4d060000 - 0x00007ffc4d069000 	C:\WINDOWS\SYSTEM32\WSOCK32.dll
0x00007ffc6d130000 - 0x00007ffc6d14f000 	C:\WINDOWS\SYSTEM32\WINMM.dll
0x00007ffc6fe10000 - 0x00007ffc6fe17000 	C:\WINDOWS\system32\PSAPI.DLL
0x00007ffc6f3f0000 - 0x00007ffc6f448000 	C:\WINDOWS\system32\WS2_32.dll
0x00007ffc6a050000 - 0x00007ffc6a07a000 	C:\WINDOWS\SYSTEM32\WINMMBASE.dll
0x00007ffc6f990000 - 0x00007ffc6f999000 	C:\WINDOWS\system32\NSI.dll
0x00007ffc6dcc0000 - 0x00007ffc6dce6000 	C:\WINDOWS\SYSTEM32\DEVOBJ.dll
0x0000000062000000 - 0x000000006200f000 	C:\Program Files\Java\jdk1.8.0_20\jre\bin\verify.dll
0x00000000617c0000 - 0x00000000617e8000 	C:\Program Files\Java\jdk1.8.0_20\jre\bin\java.dll
0x0000000061fe0000 - 0x0000000061ff6000 	C:\Program Files\Java\jdk1.8.0_20\jre\bin\zip.dll
0x00000000614d0000 - 0x0000000061668000 	C:\Program Files\Java\jdk1.8.0_20\jre\bin\awt.dll
0x00007ffc71900000 - 0x00007ffc719c1000 	C:\WINDOWS\system32\OLEAUT32.dll
0x00007ffc6d2a0000 - 0x00007ffc6d2c0000 	C:\WINDOWS\system32\DWMAPI.DLL
0x00007ffc6db30000 - 0x00007ffc6dc51000 	C:\WINDOWS\system32\uxtheme.dll
0x00007ffc6dcb0000 - 0x00007ffc6dcba000 	C:\WINDOWS\SYSTEM32\kernel.appcore.dll
0x00007ffc6ed20000 - 0x00007ffc6ed2a000 	C:\WINDOWS\SYSTEM32\CRYPTBASE.dll
0x00007ffc6ecc0000 - 0x00007ffc6ed20000 	C:\WINDOWS\SYSTEM32\bcryptPrimitives.dll
0x00007ffc4ce50000 - 0x00007ffc4d058000 	C:\WINDOWS\system32\d3d9.dll
0x00007ffc6ca20000 - 0x00007ffc6ca2a000 	C:\WINDOWS\SYSTEM32\VERSION.dll
0x00007ffc6c5a0000 - 0x00007ffc6c707000 	C:\WINDOWS\SYSTEM32\nvumdshimx.dll
0x00007ffc48820000 - 0x00007ffc493b8000 	C:\WINDOWS\system32\igdumdim64.dll
0x00007ffc6b430000 - 0x00007ffc6b870000 	C:\WINDOWS\SYSTEM32\igdusc64.dll
0x0000000061440000 - 0x0000000061447000 	C:\Program Files\Java\jdk1.8.0_20\jre\bin\jawt.dll
0x000000000afc0000 - 0x000000000affe000 	C:\Program Files\Java\jdk1.8.0_20\jre\bin\j3dcore-ogl.dll
0x00007ffc583e0000 - 0x00007ffc58501000 	C:\WINDOWS\SYSTEM32\OPENGL32.dll
0x00007ffc607c0000 - 0x00007ffc607ec000 	C:\WINDOWS\SYSTEM32\GLU32.dll
0x00007ffc5b960000 - 0x00007ffc5ba54000 	C:\WINDOWS\SYSTEM32\DDRAW.dll
0x00007ffc6b310000 - 0x00007ffc6b319000 	C:\WINDOWS\SYSTEM32\DCIMAN32.dll
0x0000000180000000 - 0x000000018078b000 	C:\WINDOWS\SYSTEM32\ig7icd64.dll
0x00007ffc6edf0000 - 0x00007ffc6ee35000 	C:\WINDOWS\SYSTEM32\powrprof.dll
0x0000000061c20000 - 0x0000000061c3a000 	C:\Program Files\Java\jdk1.8.0_20\jre\bin\net.dll
0x00007ffc6e690000 - 0x00007ffc6e6e8000 	C:\WINDOWS\system32\mswsock.dll
0x00007ffc6e4a0000 - 0x00007ffc6e543000 	C:\WINDOWS\SYSTEM32\DNSAPI.dll
0x00007ffc631c0000 - 0x00007ffc631c9000 	C:\Windows\System32\rasadhlp.dll
0x00007ffc68b20000 - 0x00007ffc68b49000 	C:\WINDOWS\SYSTEM32\IPHLPAPI.DLL
0x00007ffc68b10000 - 0x00007ffc68b1a000 	C:\WINDOWS\SYSTEM32\WINNSI.DLL
0x00007ffc68990000 - 0x00007ffc689f8000 	C:\WINDOWS\System32\fwpuclnt.dll
0x00007ffc6e6f0000 - 0x00007ffc6e70e000 	C:\WINDOWS\SYSTEM32\CRYPTSP.dll
0x00007ffc6e330000 - 0x00007ffc6e365000 	C:\WINDOWS\system32\rsaenh.dll
0x00007ffc6e930000 - 0x00007ffc6e956000 	C:\WINDOWS\SYSTEM32\bcrypt.dll
0x00007ffc68500000 - 0x00007ffc68514000 	C:\WINDOWS\SYSTEM32\dhcpcsvc6.DLL
0x00007ffc684e0000 - 0x00007ffc684f9000 	C:\WINDOWS\SYSTEM32\dhcpcsvc.DLL
0x00000000617a0000 - 0x00000000617b1000 	C:\Program Files\Java\jdk1.8.0_20\jre\bin\nio.dll
0x0000000061400000 - 0x0000000061431000 	C:\Program Files\Java\jdk1.8.0_20\jre\bin\jpeg.dll
0x0000000061750000 - 0x0000000061797000 	C:\Program Files\Java\jdk1.8.0_20\jre\bin\fontmanager.dll
0x00007ffc63dd0000 - 0x00007ffc63f58000 	C:\WINDOWS\SYSTEM32\dbghelp.dll

VM Arguments:
jvm_args: -Dfile.encoding=UTF-8 
java_command: My3DUniverse.FigureOutImagination
java_class_path (initial): C:\Users\asus\Documents\NetBeansProjects\Java3D\build\classes
Launcher Type: SUN_STANDARD

Environment Variables:
PATH=C:\ProgramData\Oracle\Java\javapath;C:\Program Files (x86)\NVIDIA Corporation\PhysX\Common;C:\Program Files (x86)\Intel\iCLS Client\;C:\Program Files\Intel\iCLS Client\;C:\WINDOWS\system32;C:\WINDOWS;C:\WINDOWS\System32\Wbem;C:\WINDOWS\System32\WindowsPowerShell\v1.0\;C:\Program Files (x86)\Windows Live\Shared;C:\Program Files\Intel\Intel(R) Management Engine Components\DAL;C:\Program Files\Intel\Intel(R) Management Engine Components\IPT;C:\Program Files (x86)\Intel\Intel(R) Management Engine Components\DAL;C:\Program Files (x86)\Intel\Intel(R) Management Engine Components\IPT;C:\Program Files (x86)\Intel\OpenCL SDK\2.0\bin\x86;C:\Program Files (x86)\Intel\OpenCL SDK\2.0\bin\x64;C:\Program Files\Condusiv Technologies\ExpressCache\;C:\Program Files\Java\jdk1.8.0_20\bin;C:\Program Files\Java\javacc-6.0\bin\lib;C:\Program Files\MiKTeX 2.9\miktex\bin\x64\
USERNAME=asus
OS=Windows_NT
PROCESSOR_IDENTIFIER=Intel64 Family 6 Model 58 Stepping 9, GenuineIntel



---------------  S Y S T E M  ---------------

OS: Windows 8.1 , 64 bit Build 9600 

CPU:total 4 (2 cores per cpu, 2 threads per core) family 6 model 58 stepping 9, cmov, cx8, fxsr, mmx, sse, sse2, sse3, ssse3, sse4.1, sse4.2, popcnt, avx, aes, clmul, erms, ht, tsc, tscinvbit, tscinv

Memory: 4k page, physical 8271328k(3240132k free), swap 9647584k(3740792k free)

vm_info: Java HotSpot(TM) 64-Bit Server VM (25.20-b23) for windows-amd64 JRE (1.8.0_20-b26), built on Jul 30 2014 13:51:23 by "java_re" with MS VC++ 10.0 (VS2010)

time: Thu Jan 29 15:32:14 2015
elapsed time: 16 seconds (0d 0h 0m 16s)

